c:\users\ibrah\source\repos\opengl\opengltransform\x64\debug\vc142.pdb
c:\users\ibrah\source\repos\opengl\opengltransform\x64\debug\vc142.idb
c:\users\ibrah\source\repos\opengl\opengltransform\x64\debug\main.obj
c:\users\ibrah\source\repos\opengl\opengltransform\x64\debug\game.obj
c:\users\ibrah\source\repos\opengl\opengltransform\x64\debug\uipannel.obj
c:\users\ibrah\source\repos\opengl\opengltransform\x64\debug\uipanel.obj
c:\users\ibrah\source\repos\opengl\x64\debug\opengltransform.exe
c:\users\ibrah\source\repos\opengl\x64\debug\opengltransform.ilk
c:\users\ibrah\source\repos\opengl\x64\debug\opengltransform.pdb
c:\users\ibrah\source\repos\opengl\x64\debug\glew32d.dll
c:\users\ibrah\source\repos\opengl\x64\debug\glfw3.dll
c:\users\ibrah\source\repos\opengl\opengltransform\x64\debug\game.obj.enc
c:\users\ibrah\source\repos\opengl\opengltransform\x64\debug\main.obj.enc
c:\users\ibrah\source\repos\opengl\opengltransform\x64\debug\opengltransform.tlog\cl.command.1.tlog
c:\users\ibrah\source\repos\opengl\opengltransform\x64\debug\opengltransform.tlog\cl.read.1.tlog
c:\users\ibrah\source\repos\opengl\opengltransform\x64\debug\opengltransform.tlog\cl.write.1.tlog
c:\users\ibrah\source\repos\opengl\opengltransform\x64\debug\opengltransform.tlog\link.command.1.tlog
c:\users\ibrah\source\repos\opengl\opengltransform\x64\debug\opengltransform.tlog\link.read.1.tlog
c:\users\ibrah\source\repos\opengl\opengltransform\x64\debug\opengltransform.tlog\link.write.1.tlog
c:\users\ibrah\source\repos\opengl\opengltransform\x64\debug\opengltransform.tlog\opengltransform.write.1u.tlog
